<?xml version="1.0" encoding="UTF-8"?>
<robot generator="Robot 3.2.1 (Python 3.8.3 on win32)" generated="20200715 18:26:48.548" rpa="false">
<suite id="s1" name="OpenEMRApplication" source="C:\Users\A\git\RobotFramework\OpenEMRApplication">
<suite id="s1-s1" name="TestCases" source="C:\Users\A\git\RobotFramework\OpenEMRApplication\TestCases">
<suite id="s1-s1-s1" name="Invalid Login Tests" source="C:\Users\A\git\RobotFramework\OpenEMRApplication\TestCases\invalid_login_tests.robot">
<test id="s1-s1-s1-t1" name="Invalid Credential Test">
<kw name="Start Test" library="commonfunctionalities" type="setup">
<kw name="Append To Environment Variable" library="OperatingSystem">
<doc>Appends given ``values`` to environment variable ``name``.</doc>
<arguments>
<arg>PATH</arg>
<arg>${EXECDIR}${/}OpenEMRApplication\\driver</arg>
</arguments>
<msg timestamp="20200715 18:26:48.784" level="INFO">Environment variable 'PATH' set to value 'C:/Program Files/Java/jre1.8.0_251/bin/server;C:/Program Files/Java/jre1.8.0_251/bin;C:/Program Files/Java/jre1.8.0_251/lib/amd64;C:\Program Files (x86)\Common Files\Oracle\Java\javapath;C:\Program Files (x86)\Intel\Intel(R) Management Engine Components\iCLS\;C:\Program Files\Intel\Intel(R) Management Engine Components\iCLS\;C:\Windows\system32;C:\Windows;C:\Windows\System32\Wbem;C:\Windows\System32\WindowsPowerShell\v1.0\;C:\Windows\System32\OpenSSH\;C:\Program Files (x86)\Intel\Intel(R) Management Engine Components\DAL;C:\Program Files\Intel\Intel(R) Management Engine Components\DAL;C:\Program Files (x86)\Intel\Intel(R) Management Engine Components\IPT;C:\Program Files\Intel\Intel(R) Management Engine Components\IPT;C:\Program Files (x86)\NVIDIA Corporation\PhysX\Common;C:\Program Files\NVIDIA Corporation\NVIDIA NvDLISR;C:\WINDOWS\system32;C:\WINDOWS;C:\WINDOWS\System32\Wbem;C:\WINDOWS\System32\WindowsPowerShell\v1.0\;C:\WINDOWS\System32\OpenSSH\;C:\Users\A\AppData\Local\Programs\Python\Python38-32\Scripts\;C:\Users\A\AppData\Local\Programs\Python\Python38-32\;C:\Users\A\AppData\Local\Microsoft\WindowsApps;;C:\WINDOWS\system32;;C:\Users\A\git\RobotFramework\OpenEMRApplication\OpenEMRApplication\driver'.</msg>
<status status="PASS" starttime="20200715 18:26:48.784" endtime="20200715 18:26:48.784"></status>
</kw>
<kw name="Open Browser" library="SeleniumLibrary">
<doc>Opens a new browser instance to the optional ``url``.</doc>
<arguments>
<arg>url=${URL}</arg>
<arg>browser=${BROWSER}</arg>
</arguments>
<msg timestamp="20200715 18:26:48.785" level="INFO">Opening browser 'chrome' to base url 'https://demo.openemr.io/a/openemr/index.php'.</msg>
<kw name="Capture Page Screenshot" library="SeleniumLibrary">
<doc>Takes a screenshot of the current page and embeds it into a log file.</doc>
<msg timestamp="20200715 18:26:48.788" level="INFO">Cannot capture screenshot because no browser is open.</msg>
<status status="PASS" starttime="20200715 18:26:48.787" endtime="20200715 18:26:48.788"></status>
</kw>
<msg timestamp="20200715 18:26:48.790" level="FAIL">WebDriverException: Message: 'chromedriver' executable needs to be in PATH. Please see https://sites.google.com/a/chromium.org/chromedriver/home
</msg>
<status status="FAIL" starttime="20200715 18:26:48.784" endtime="20200715 18:26:48.790"></status>
</kw>
<status status="FAIL" starttime="20200715 18:26:48.783" endtime="20200715 18:26:48.791"></status>
</kw>
<kw name="End Test" library="commonfunctionalities" type="teardown">
<kw name="Close All Browsers" library="SeleniumLibrary">
<doc>Closes all open browsers and resets the browser cache.</doc>
<status status="PASS" starttime="20200715 18:26:48.791" endtime="20200715 18:26:48.792"></status>
</kw>
<status status="PASS" starttime="20200715 18:26:48.791" endtime="20200715 18:26:48.792"></status>
</kw>
<status status="FAIL" starttime="20200715 18:26:48.782" endtime="20200715 18:26:48.792" critical="yes">Setup failed:
WebDriverException: Message: 'chromedriver' executable needs to be in PATH. Please see https://sites.google.com/a/chromium.org/chromedriver/home
</status>
</test>
<doc>Checking on all invalid credentials</doc>
<status status="FAIL" starttime="20200715 18:26:48.601" endtime="20200715 18:26:48.793"></status>
</suite>
<status status="FAIL" starttime="20200715 18:26:48.599" endtime="20200715 18:26:48.794"></status>
</suite>
<status status="FAIL" starttime="20200715 18:26:48.577" endtime="20200715 18:26:48.795"></status>
</suite>
<statistics>
<total>
<stat pass="0" fail="1">Critical Tests</stat>
<stat pass="0" fail="1">All Tests</stat>
</total>
<tag>
</tag>
<suite>
<stat pass="0" fail="1" id="s1" name="OpenEMRApplication">OpenEMRApplication</stat>
<stat pass="0" fail="1" id="s1-s1" name="TestCases">OpenEMRApplication.TestCases</stat>
<stat pass="0" fail="1" id="s1-s1-s1" name="Invalid Login Tests">OpenEMRApplication.TestCases.Invalid Login Tests</stat>
</suite>
</statistics>
<errors>
</errors>
</robot>
